A51 MACRO ASSEMBLER  LAB1_TN1                                                             04/29/2020 09:52:59 PAGE     1


MACRO ASSEMBLER A51 V8.02
OBJECT MODULE PLACED IN lab1_TN1.OBJ
ASSEMBLER INVOKED BY: C:\Keil\C51\BIN\A51.EXE lab1_TN1.asm SET(SMALL) DEBUG EP

LOC  OBJ            LINE     SOURCE

                       1     ;Doc trang thai P1.0 va xuat ra P3.0
2000                   2     ORG 2000H
2000 D290              3     SETB P1.0               ;SET bit P1.0 de cau hinh la input
2002 A290              4     LOOP: MOV C, P1.0
2004 92B0              5           MOV P3.0, C
2006 80FA              6               SJMP LOOP
                       7     END
A51 MACRO ASSEMBLER  LAB1_TN1                                                             04/29/2020 09:52:59 PAGE     2

SYMBOL TABLE LISTING
------ ----- -------


N A M E             T Y P E  V A L U E   ATTRIBUTES

LOOP . . . . . . .  C ADDR   2002H   A   
P1 . . . . . . . .  D ADDR   0090H   A   
P3 . . . . . . . .  D ADDR   00B0H   A   


REGISTER BANK(S) USED: 0 


ASSEMBLY COMPLETE.  0 WARNING(S), 0 ERROR(S)
